<?xml version="1.0" encoding="UTF-8"?>
<testng-results ignored="0" total="5" passed="5" failed="0" skipped="0">
  <reporter-output>
  </reporter-output>
  <suite started-at="2026-03-10T14:02:59 ICT" name="Surefire suite" finished-at="2026-03-10T14:03:34 ICT" duration-ms="35563">
    <groups>
    </groups>
    <test started-at="2026-03-10T14:02:59 ICT" name="Surefire test" finished-at="2026-03-10T14:03:34 ICT" duration-ms="35563">
      <class name="dtm.LoginTest">
        <test-method is-config="true" signature="setUp()[pri:0, instance:dtm.LoginTest@1ffe63b9]" started-at="2026-03-10T14:02:59 ICT" name="setUp" finished-at="2026-03-10T14:03:01 ICT" duration-ms="1943" status="PASS">
          <reporter-output>
          </reporter-output>
        </test-method> <!-- setUp -->
        <test-method signature="testLoginEmptyPassword()[pri:0, instance:dtm.LoginTest@1ffe63b9]" started-at="2026-03-10T14:03:01 ICT" name="testLoginEmptyPassword" description="Bo trong password" finished-at="2026-03-10T14:03:01 ICT" duration-ms="189" status="PASS">
          <reporter-output>
          </reporter-output>
        </test-method> <!-- testLoginEmptyPassword -->
        <test-method is-config="true" signature="tearDown()[pri:0, instance:dtm.LoginTest@1ffe63b9]" started-at="2026-03-10T14:03:01 ICT" name="tearDown" finished-at="2026-03-10T14:03:06 ICT" duration-ms="5264" status="PASS">
          <reporter-output>
          </reporter-output>
        </test-method> <!-- tearDown -->
        <test-method is-config="true" signature="setUp()[pri:0, instance:dtm.LoginTest@1ffe63b9]" started-at="2026-03-10T14:03:06 ICT" name="setUp" finished-at="2026-03-10T14:03:07 ICT" duration-ms="1334" status="PASS">
          <reporter-output>
          </reporter-output>
        </test-method> <!-- setUp -->
        <test-method signature="testLoginEmptyUsername()[pri:0, instance:dtm.LoginTest@1ffe63b9]" started-at="2026-03-10T14:03:07 ICT" name="testLoginEmptyUsername" description="Bo trong username" finished-at="2026-03-10T14:03:08 ICT" duration-ms="282" status="PASS">
          <reporter-output>
          </reporter-output>
        </test-method> <!-- testLoginEmptyUsername -->
        <test-method is-config="true" signature="tearDown()[pri:0, instance:dtm.LoginTest@1ffe63b9]" started-at="2026-03-10T14:03:08 ICT" name="tearDown" finished-at="2026-03-10T14:03:13 ICT" duration-ms="5197" status="PASS">
          <reporter-output>
          </reporter-output>
        </test-method> <!-- tearDown -->
        <test-method is-config="true" signature="setUp()[pri:0, instance:dtm.LoginTest@1ffe63b9]" started-at="2026-03-10T14:03:13 ICT" name="setUp" finished-at="2026-03-10T14:03:14 ICT" duration-ms="1348" status="PASS">
          <reporter-output>
          </reporter-output>
        </test-method> <!-- setUp -->
        <test-method signature="testLoginLockedUser()[pri:0, instance:dtm.LoginTest@1ffe63b9]" started-at="2026-03-10T14:03:14 ICT" name="testLoginLockedUser" description="Dang nhap voi tai khoan bi khoa" finished-at="2026-03-10T14:03:14 ICT" duration-ms="303" status="PASS">
          <reporter-output>
          </reporter-output>
        </test-method> <!-- testLoginLockedUser -->
        <test-method is-config="true" signature="tearDown()[pri:0, instance:dtm.LoginTest@1ffe63b9]" started-at="2026-03-10T14:03:14 ICT" name="tearDown" finished-at="2026-03-10T14:03:20 ICT" duration-ms="5150" status="PASS">
          <reporter-output>
          </reporter-output>
        </test-method> <!-- tearDown -->
        <test-method is-config="true" signature="setUp()[pri:0, instance:dtm.LoginTest@1ffe63b9]" started-at="2026-03-10T14:03:20 ICT" name="setUp" finished-at="2026-03-10T14:03:21 ICT" duration-ms="1324" status="PASS">
          <reporter-output>
          </reporter-output>
        </test-method> <!-- setUp -->
        <test-method signature="testLoginSuccess()[pri:0, instance:dtm.LoginTest@1ffe63b9]" started-at="2026-03-10T14:03:21 ICT" name="testLoginSuccess" description="Dang nhap thanh cong voi tai khoan hop le" finished-at="2026-03-10T14:03:21 ICT" duration-ms="311" status="PASS">
          <reporter-output>
          </reporter-output>
        </test-method> <!-- testLoginSuccess -->
        <test-method is-config="true" signature="tearDown()[pri:0, instance:dtm.LoginTest@1ffe63b9]" started-at="2026-03-10T14:03:21 ICT" name="tearDown" finished-at="2026-03-10T14:03:27 ICT" duration-ms="5538" status="PASS">
          <reporter-output>
          </reporter-output>
        </test-method> <!-- tearDown -->
        <test-method is-config="true" signature="setUp()[pri:0, instance:dtm.LoginTest@1ffe63b9]" started-at="2026-03-10T14:03:27 ICT" name="setUp" finished-at="2026-03-10T14:03:28 ICT" duration-ms="1534" status="PASS">
          <reporter-output>
          </reporter-output>
        </test-method> <!-- setUp -->
        <test-method signature="testLoginWrongPassword()[pri:0, instance:dtm.LoginTest@1ffe63b9]" started-at="2026-03-10T14:03:28 ICT" name="testLoginWrongPassword" description="Dang nhap sai mat khau" finished-at="2026-03-10T14:03:29 ICT" duration-ms="345" status="PASS">
          <reporter-output>
          </reporter-output>
        </test-method> <!-- testLoginWrongPassword -->
        <test-method is-config="true" signature="tearDown()[pri:0, instance:dtm.LoginTest@1ffe63b9]" started-at="2026-03-10T14:03:29 ICT" name="tearDown" finished-at="2026-03-10T14:03:34 ICT" duration-ms="5468" status="PASS">
          <reporter-output>
          </reporter-output>
        </test-method> <!-- tearDown -->
      </class> <!-- dtm.LoginTest -->
    </test> <!-- Surefire test -->
  </suite> <!-- Surefire suite -->
</testng-results>
