<?xml version="1.0" encoding="UTF-8"?>
<testsuite xmlns:xsi="http://www.w3.org/2001/XMLSchema-instance" xsi:noNamespaceSchemaLocation="https://maven.apache.org/surefire/maven-surefire-plugin/xsd/surefire-test-report-3.0.xsd" version="3.0" name="bai1.MathFuncTest" time="0.038" tests="4" errors="0" skipped="1" failures="0">
  <properties>
[...]
</properties>
  <testcase name="factorial" classname="bai1.MathFuncTest" time="0.002"/>
  <testcase name="factorialNegative" classname="bai1.MathFuncTest" time="0.0"/>
  <testcase name="todo" classname="bai1.MathFuncTest" time="0.0">
    <skipped/>
  </testcase>
  <testcase name="calls" classname="bai1.MathFuncTest" time="0.0"/>
</testsuite>