<?xml version="1.0" encoding="UTF-8"?>
<!-- Generated by org.testng.reporters.JUnitXMLReporter -->
<testsuite ignored="0" hostname="LAPTOP-37QMD3HF" failures="0" tests="5" name="Surefire test" time="35.563" errors="0" timestamp="2026-03-10T14:03:34 ICT">
  <testcase classname="dtm.LoginTest" name="testLoginEmptyPassword" time="0.189"/>
  <testcase classname="dtm.LoginTest" name="testLoginEmptyUsername" time="0.282"/>
  <testcase classname="dtm.LoginTest" name="testLoginLockedUser" time="0.303"/>
  <testcase classname="dtm.LoginTest" name="testLoginSuccess" time="0.311"/>
  <testcase classname="dtm.LoginTest" name="testLoginWrongPassword" time="0.345"/>
</testsuite> <!-- Surefire test -->
