<?xml version="1.0" encoding="UTF-8"?>
<!-- Generated by org.testng.reporters.JUnitXMLReporter -->
<testsuite ignored="0" hostname="LAPTOP-37QMD3HF" failures="0" tests="6" name="Regression Tests" time="74.667" errors="0" timestamp="2026-03-10T14:45:52 ICT">
  <testcase classname="dtm.LoginTest" name="testLoginSuccess" time="0.275"/>
  <testcase classname="dtm.LoginTest" name="testLoginWrongPassword" time="0.35"/>
  <testcase classname="dtm.CartTest" name="testAddToCart" time="0.514"/>
  <testcase classname="dtm.CartTest" name="testOpenCart" time="0.482"/>
  <testcase classname="dtm.CheckoutTest" name="testCompleteCheckout" time="0.951"/>
  <testcase classname="dtm.CheckoutTest" name="testOpenCheckoutStepOne" time="0.595"/>
</testsuite> <!-- Regression Tests -->
