<?xml version="1.0" encoding="UTF-8"?>
<!-- Generated by org.testng.reporters.JUnitXMLReporter -->
<testsuite ignored="0" hostname="LAPTOP-37QMD3HF" failures="0" tests="6" name="Surefire test" time="0.022" errors="0" timestamp="2026-03-10T15:15:27 ICT">
  <testcase classname="dtm.XepLoaiBranchCoverageTest" name="testGioi" time="0.016"/>
  <testcase classname="dtm.XepLoaiBranchCoverageTest" name="testHocLai" time="0.0"/>
  <testcase classname="dtm.XepLoaiBranchCoverageTest" name="testInvalidScore" time="0.0"/>
  <testcase classname="dtm.XepLoaiBranchCoverageTest" name="testKha" time="0.0"/>
  <testcase classname="dtm.XepLoaiBranchCoverageTest" name="testThiLai" time="0.0"/>
  <testcase classname="dtm.XepLoaiBranchCoverageTest" name="testTrungBinh" time="0.0"/>
</testsuite> <!-- Surefire test -->
