<?xml version="1.0" encoding="UTF-8"?>
<!-- Generated by org.testng.reporters.JUnitReportReporter -->
<testsuite hostname="LAPTOP-37QMD3HF" failures="0" tests="8" name="dtm.PhiShipBasisPathTest" time="0.014" errors="0" timestamp="2026-03-10T15:35:46 ICT" skipped="0">
  <testcase classname="dtm.PhiShipBasisPathTest" name="testPath1_InvalidWeight" time="0.011"/>
  <testcase classname="dtm.PhiShipBasisPathTest" name="testPath4_NgoaiThanhNheKhongMember" time="0.000"/>
  <testcase classname="dtm.PhiShipBasisPathTest" name="testPath8_NoiThanhNheCoMember" time="0.000"/>
  <testcase classname="dtm.PhiShipBasisPathTest" name="testPath2_NoiThanhNheKhongMember" time="0.000"/>
  <testcase classname="dtm.PhiShipBasisPathTest" name="testPath7_TinhKhacNangKhongMember" time="0.003"/>
  <testcase classname="dtm.PhiShipBasisPathTest" name="testPath5_NgoaiThanhNangKhongMember" time="0.000"/>
  <testcase classname="dtm.PhiShipBasisPathTest" name="testPath3_NoiThanhNangKhongMember" time="0.000"/>
  <testcase classname="dtm.PhiShipBasisPathTest" name="testPath6_TinhKhacNheKhongMember" time="0.000"/>
</testsuite> <!-- dtm.PhiShipBasisPathTest -->
