<?xml version="1.0" encoding="UTF-8"?>
<testng-results ignored="0" total="6" passed="6" failed="0" skipped="0">
  <reporter-output>
  </reporter-output>
  <suite started-at="2026-03-10T15:15:27 ICT" name="Surefire suite" finished-at="2026-03-10T15:15:27 ICT" duration-ms="22">
    <groups>
    </groups>
    <test started-at="2026-03-10T15:15:27 ICT" name="Surefire test" finished-at="2026-03-10T15:15:27 ICT" duration-ms="22">
      <class name="dtm.XepLoaiBranchCoverageTest">
        <test-method signature="testGioi()[pri:0, instance:dtm.XepLoaiBranchCoverageTest@4c6e276e]" started-at="2026-03-10T15:15:27 ICT" name="testGioi" description="N2-True: xep loai Gioi" finished-at="2026-03-10T15:15:27 ICT" duration-ms="16" status="PASS">
          <reporter-output>
          </reporter-output>
        </test-method> <!-- testGioi -->
        <test-method signature="testKha()[pri:0, instance:dtm.XepLoaiBranchCoverageTest@4c6e276e]" started-at="2026-03-10T15:15:27 ICT" name="testKha" description="N3-True: xep loai Kha" finished-at="2026-03-10T15:15:27 ICT" duration-ms="0" status="PASS">
          <reporter-output>
          </reporter-output>
        </test-method> <!-- testKha -->
        <test-method signature="testThiLai()[pri:0, instance:dtm.XepLoaiBranchCoverageTest@4c6e276e]" started-at="2026-03-10T15:15:27 ICT" name="testThiLai" description="N5-True: Thi lai" finished-at="2026-03-10T15:15:27 ICT" duration-ms="0" status="PASS">
          <reporter-output>
          </reporter-output>
        </test-method> <!-- testThiLai -->
        <test-method signature="testTrungBinh()[pri:0, instance:dtm.XepLoaiBranchCoverageTest@4c6e276e]" started-at="2026-03-10T15:15:27 ICT" name="testTrungBinh" description="N4-True: xep loai Trung Binh" finished-at="2026-03-10T15:15:27 ICT" duration-ms="0" status="PASS">
          <reporter-output>
          </reporter-output>
        </test-method> <!-- testTrungBinh -->
        <test-method signature="testInvalidScore()[pri:0, instance:dtm.XepLoaiBranchCoverageTest@4c6e276e]" started-at="2026-03-10T15:15:27 ICT" name="testInvalidScore" description="N1-True: diem khong hop le" finished-at="2026-03-10T15:15:27 ICT" duration-ms="0" status="PASS">
          <reporter-output>
          </reporter-output>
        </test-method> <!-- testInvalidScore -->
        <test-method signature="testHocLai()[pri:0, instance:dtm.XepLoaiBranchCoverageTest@4c6e276e]" started-at="2026-03-10T15:15:27 ICT" name="testHocLai" description="N5-False: Yeu - Hoc lai" finished-at="2026-03-10T15:15:27 ICT" duration-ms="0" status="PASS">
          <reporter-output>
          </reporter-output>
        </test-method> <!-- testHocLai -->
      </class> <!-- dtm.XepLoaiBranchCoverageTest -->
    </test> <!-- Surefire test -->
  </suite> <!-- Surefire suite -->
</testng-results>
