<?xml version="1.0" encoding="UTF-8"?>
<!-- Generated by org.testng.reporters.JUnitReportReporter -->
<testsuite hostname="LAPTOP-37QMD3HF" failures="0" tests="5" name="dtm.LoginTest" time="35.530" errors="0" timestamp="2026-03-10T14:03:34 ICT" skipped="0">
  <testcase classname="dtm.LoginTest" name="testLoginEmptyUsername" time="7.763"/>
  <testcase classname="dtm.LoginTest" name="testLoginLockedUser" time="6.787"/>
  <testcase classname="dtm.LoginTest" name="testLoginWrongPassword" time="6.890"/>
  <testcase classname="dtm.LoginTest" name="testLoginEmptyPassword" time="6.777"/>
  <testcase classname="dtm.LoginTest" name="testLoginSuccess" time="7.313"/>
</testsuite> <!-- dtm.LoginTest -->
