<?xml version="1.0" encoding="UTF-8"?>
<!-- Generated by org.testng.reporters.JUnitReportReporter -->
<testsuite hostname="LAPTOP-37QMD3HF" failures="0" tests="4" name="dtm.TitleTest" time="26.942" errors="0" timestamp="2026-03-10T13:39:50 ICT" skipped="0">
  <testcase classname="dtm.TitleTest" name="testPageSource" time="6.732"/>
  <testcase classname="dtm.TitleTest" name="testLoginFormDisplayed" time="6.510"/>
  <testcase classname="dtm.TitleTest" name="testTitle" time="7.010"/>
  <testcase classname="dtm.TitleTest" name="testURL" time="6.690"/>
</testsuite> <!-- dtm.TitleTest -->
