<?xml version="1.0" encoding="UTF-8"?>
<testng-results ignored="0" total="8" passed="8" failed="0" skipped="0">
  <reporter-output>
  </reporter-output>
  <suite started-at="2026-03-10T15:35:46 ICT" name="Surefire suite" finished-at="2026-03-10T15:35:46 ICT" duration-ms="32">
    <groups>
    </groups>
    <test started-at="2026-03-10T15:35:46 ICT" name="Surefire test" finished-at="2026-03-10T15:35:46 ICT" duration-ms="32">
      <class name="dtm.PhiShipBasisPathTest">
        <test-method signature="testPath1_InvalidWeight()[pri:0, instance:dtm.PhiShipBasisPathTest@25b485ba]" started-at="2026-03-10T15:35:46 ICT" name="testPath1_InvalidWeight" description="Path 1: Trong luong khong hop le" finished-at="2026-03-10T15:35:46 ICT" duration-ms="11" status="PASS">
          <reporter-output>
          </reporter-output>
        </test-method> <!-- testPath1_InvalidWeight -->
        <test-method signature="testPath2_NoiThanhNheKhongMember()[pri:0, instance:dtm.PhiShipBasisPathTest@25b485ba]" started-at="2026-03-10T15:35:46 ICT" name="testPath2_NoiThanhNheKhongMember" description="Path 2: Noi thanh, &lt;= 5kg, khong member" finished-at="2026-03-10T15:35:46 ICT" duration-ms="0" status="PASS">
          <reporter-output>
          </reporter-output>
        </test-method> <!-- testPath2_NoiThanhNheKhongMember -->
        <test-method signature="testPath3_NoiThanhNangKhongMember()[pri:0, instance:dtm.PhiShipBasisPathTest@25b485ba]" started-at="2026-03-10T15:35:46 ICT" name="testPath3_NoiThanhNangKhongMember" description="Path 3: Noi thanh, &gt; 5kg, khong member" finished-at="2026-03-10T15:35:46 ICT" duration-ms="0" status="PASS">
          <reporter-output>
          </reporter-output>
        </test-method> <!-- testPath3_NoiThanhNangKhongMember -->
        <test-method signature="testPath4_NgoaiThanhNheKhongMember()[pri:0, instance:dtm.PhiShipBasisPathTest@25b485ba]" started-at="2026-03-10T15:35:46 ICT" name="testPath4_NgoaiThanhNheKhongMember" description="Path 4: Ngoai thanh, &lt;= 3kg, khong member" finished-at="2026-03-10T15:35:46 ICT" duration-ms="0" status="PASS">
          <reporter-output>
          </reporter-output>
        </test-method> <!-- testPath4_NgoaiThanhNheKhongMember -->
        <test-method signature="testPath7_TinhKhacNangKhongMember()[pri:0, instance:dtm.PhiShipBasisPathTest@25b485ba]" started-at="2026-03-10T15:35:46 ICT" name="testPath7_TinhKhacNangKhongMember" description="Path 7: Tinh khac, &gt; 2kg, khong member" finished-at="2026-03-10T15:35:46 ICT" duration-ms="3" status="PASS">
          <reporter-output>
          </reporter-output>
        </test-method> <!-- testPath7_TinhKhacNangKhongMember -->
        <test-method signature="testPath5_NgoaiThanhNangKhongMember()[pri:0, instance:dtm.PhiShipBasisPathTest@25b485ba]" started-at="2026-03-10T15:35:46 ICT" name="testPath5_NgoaiThanhNangKhongMember" description="Path 5: Ngoai thanh, &gt; 3kg, khong member" finished-at="2026-03-10T15:35:46 ICT" duration-ms="0" status="PASS">
          <reporter-output>
          </reporter-output>
        </test-method> <!-- testPath5_NgoaiThanhNangKhongMember -->
        <test-method signature="testPath6_TinhKhacNheKhongMember()[pri:0, instance:dtm.PhiShipBasisPathTest@25b485ba]" started-at="2026-03-10T15:35:46 ICT" name="testPath6_TinhKhacNheKhongMember" description="Path 6: Tinh khac, &lt;= 2kg, khong member" finished-at="2026-03-10T15:35:46 ICT" duration-ms="0" status="PASS">
          <reporter-output>
          </reporter-output>
        </test-method> <!-- testPath6_TinhKhacNheKhongMember -->
        <test-method signature="testPath8_NoiThanhNheCoMember()[pri:0, instance:dtm.PhiShipBasisPathTest@25b485ba]" started-at="2026-03-10T15:35:46 ICT" name="testPath8_NoiThanhNheCoMember" description="Path 8: Noi thanh, &lt;= 5kg, co member" finished-at="2026-03-10T15:35:46 ICT" duration-ms="0" status="PASS">
          <reporter-output>
          </reporter-output>
        </test-method> <!-- testPath8_NoiThanhNheCoMember -->
      </class> <!-- dtm.PhiShipBasisPathTest -->
    </test> <!-- Surefire test -->
  </suite> <!-- Surefire suite -->
</testng-results>
